[08:29:20] [User Authenticator #63/INFO]: UUID of player EvoKoifis is 230bd0f2-c1cb-4be8-81b5-59d271f2351d
[08:29:22] [Server thread/INFO]: EvoKoifis joined the game
[08:29:22] [Server thread/INFO]: EvoKoifis[/[0:0:0:0:0:0:0:1]:58843] logged in with entity id 442969 at ([world]-33685.34008582165, 73.0, -25400.48750001192)
[08:38:18] [Server thread/INFO]: Villager Villager['Librarian'/442985, uuid='6e8252a7-552b-4cdb-8f62-ec1b25e34d98', l='ServerLevel[world]', x=-33719.01, y=65.30, z=-25416.51, cpos=[-2108, -1589], tl=271611, v=true] was struck by lightning LightningBolt['Lightning Bolt'/444897, uuid='62424bfc-2456-482e-9b45-99f33e0e50a7', l='ServerLevel[world]', x=-33718.61, y=64.94, z=-25416.52, cpos=[-2108, -1589], tl=1, v=true].
[08:38:18] [Server thread/INFO]: EvoKoifis has made the advancement [Very Very Frightening]
[09:09:52] [User Authenticator #64/INFO]: UUID of player Logs369 is d7d0c0f5-d2bd-47d2-9bf3-05ceedd7ba85
[09:09:53] [Server thread/INFO]: Logs369 joined the game
[09:09:53] [Server thread/INFO]: Logs369[/[0:0:0:0:0:0:0:1]:58932] logged in with entity id 450224 at ([world]-34587.45240797596, 42.0, 18747.40607995019)
[09:11:37] [Async Chat Thread - #119/INFO]: <Logs369> Server chet
[09:11:44] [Async Chat Thread - #119/INFO]: <EvoKoifis> moi 9h sang
[09:11:46] [Async Chat Thread - #119/INFO]: <EvoKoifis> gus
[09:12:49] [Async Chat Thread - #120/INFO]: <Logs369> may farm ngon phet
[09:12:54] [Async Chat Thread - #121/INFO]: <EvoKoifis> di ngu di
[09:12:54] [Async Chat Thread - #121/INFO]: <Logs369> lat no tung ca server
[09:13:02] [Async Chat Thread - #120/INFO]: <Logs369> khong co giuong kk
[09:13:10] [Async Chat Thread - #120/INFO]: <EvoKoifis> the roi tam server di
[09:13:14] [Async Chat Thread - #120/INFO]: <Logs369> ok
[09:13:15] [Server thread/INFO]: Logs369 lost connection: Disconnected
[09:13:15] [Server thread/INFO]: [voicechat] Disconnecting client Logs369
[09:13:15] [Server thread/INFO]: Logs369 left the game
[09:13:27] [User Authenticator #65/INFO]: UUID of player Logs369 is d7d0c0f5-d2bd-47d2-9bf3-05ceedd7ba85
[09:13:28] [Server thread/INFO]: Logs369 joined the game
[09:13:28] [Server thread/INFO]: Logs369[/[0:0:0:0:0:0:0:1]:58942] logged in with entity id 452293 at ([world]-34325.19358309426, 127.0, 18944.115543900374)
[09:15:05] [Async Chat Thread - #122/INFO]: <Logs369> chang co cai trial chamber nao o gan day nhi
[09:20:24] [Async Chat Thread - #124/INFO]: <Logs369> Chuan bi no tung server
[09:26:56] [Async Chat Thread - #126/INFO]: <Logs369> vai cut chua gi da 5 netheric
[09:28:02] [Server thread/WARN]: Logs369 moved wrongly!
[09:36:38] [User Authenticator #66/INFO]: UUID of player gato_the_gay is 45c7a210-8e9a-47b1-a1ed-94b423e1cdd2
[09:36:39] [Server thread/INFO]: gato_the_gay joined the game
[09:36:39] [Server thread/INFO]: gato_the_gay[/[0:0:0:0:0:0:0:1]:59010] logged in with entity id 464517 at ([world]3926.1906971240555, 69.0, -3742.7602675825083)
[09:36:40] [Server thread/INFO]: [voicechat] Received secret request of gato_the_gay (18)
[09:36:40] [Server thread/INFO]: [voicechat] Sent secret to gato_the_gay
[09:36:44] [Async Chat Thread - #128/INFO]: <Logs369> hi huu an
[09:36:48] [Async Chat Thread - #128/INFO]: <gato_the_gay> liem chim
[09:36:59] [Async Chat Thread - #128/INFO]: <EvoKoifis> em em em
[09:38:44] [Async Chat Thread - #130/INFO]: <Logs369> Thieu 2 phoi nua la full tool
[09:41:30] [Server thread/INFO]: gato_the_gay has made the advancement [Hidden in the Depths]
[09:41:42] [Async Chat Thread - #132/INFO]: <EvoKoifis> nguoi nguoi nha nha dao netherite
[09:41:47] [Async Chat Thread - #133/INFO]: <gato_the_gay> =)
[09:41:51] [Async Chat Thread - #133/INFO]: <gato_the_gay> hoi cham
[09:42:00] [Async Chat Thread - #133/INFO]: <EvoKoifis> nguoi nguoi nha nha skibidi
[09:42:03] [Async Chat Thread - #133/INFO]: <EvoKoifis> nhan bibi
[09:42:05] [Async Chat Thread - #133/INFO]: <Logs369> huu an trao doi smithing khong
[09:42:17] [Async Chat Thread - #133/INFO]: <Logs369> gia sieu re
[09:42:17] [Async Chat Thread - #133/INFO]: <gato_the_gay> chua can lam
[09:43:18] [User Authenticator #67/INFO]: UUID of player canhvjp is 6ce961f5-d685-4d10-a921-2a5d3a163147
[09:43:20] [Server thread/INFO]: canhvjp joined the game
[09:43:20] [Server thread/INFO]: canhvjp[/[0:0:0:0:0:0:0:1]:59021] logged in with entity id 469247 at ([world]-34075.7949385024, 82.0, 19989.83065877319)
[09:43:21] [Server thread/INFO]: [voicechat] Received secret request of canhvjp (18)
[09:43:21] [Server thread/INFO]: [voicechat] Sent secret to canhvjp
[09:43:24] [Async Chat Thread - #135/INFO]: <Logs369> canhvjp
[09:43:28] [Async Chat Thread - #135/INFO]: <Logs369> kk
[09:43:32] [Async Chat Thread - #134/INFO]: <EvoKoifis> anh oi tha em
[09:43:34] [Async Chat Thread - #135/INFO]: <canhvjp> alo alo
[09:43:37] [Async Chat Thread - #135/INFO]: <canhvjp> 1 2 3 4
[09:44:06] [Server thread/INFO]: canhvjp lost connection: Disconnected
[09:44:06] [Server thread/INFO]: [voicechat] Disconnecting client canhvjp
[09:44:06] [Server thread/INFO]: canhvjp left the game
[09:44:09] [Async Chat Thread - #135/INFO]: <EvoKoifis> may qua
[09:44:32] [User Authenticator #68/INFO]: UUID of player canhvjp is 6ce961f5-d685-4d10-a921-2a5d3a163147
[09:44:33] [Server thread/INFO]: canhvjp joined the game
[09:44:33] [Server thread/INFO]: canhvjp[/[0:0:0:0:0:0:0:1]:59028] logged in with entity id 470103 at ([world]-34066.862141640675, 82.0625, 19951.30000001192)
[09:44:33] [Server thread/INFO]: [voicechat] Received secret request of canhvjp (18)
[09:44:33] [Server thread/INFO]: [voicechat] Sent secret to canhvjp
[09:44:36] [Server thread/INFO]: canhvjp issued server command: /voicechat
[09:44:45] [Server thread/INFO]: canhvjp issued server command: /voicechat help
[09:45:00] [Server thread/INFO]: canhvjp issued server command: /voicechat test Logs369
[09:45:16] [Server thread/INFO]: canhvjp lost connection: Disconnected
[09:45:16] [Server thread/INFO]: [voicechat] Disconnecting client canhvjp
[09:45:16] [Server thread/INFO]: canhvjp left the game
[09:51:03] [Server thread/INFO]: Named entity Allay['tran trung kien'/474056, uuid='a8b30f71-4d8b-459b-80a7-39a1479c119d', l='ServerLevel[world_nether]', x=-4250.71, y=129.00, z=2469.17, cpos=[-266, 154], tl=126540, v=true] died: tran trung kien withered away
[09:54:28] [Server thread/WARN]: EvoKoifis was kicked for floating too long!
[09:54:28] [Server thread/INFO]: EvoKoifis lost connection: Flying is not enabled on this server
[09:54:28] [Server thread/INFO]: [voicechat] Disconnecting client EvoKoifis
[09:54:28] [Server thread/INFO]: EvoKoifis left the game
[09:54:38] [Server thread/INFO]: Logs369 lost connection: Disconnected
[09:54:38] [Server thread/INFO]: [voicechat] Disconnecting client Logs369
[09:54:38] [Server thread/INFO]: Logs369 left the game
[09:54:38] [Server thread/INFO]: gato_the_gay lost connection: Disconnected
[09:54:38] [Server thread/INFO]: [voicechat] Disconnecting client gato_the_gay
[09:54:38] [Server thread/INFO]: gato_the_gay left the game
[09:54:50] [User Authenticator #69/INFO]: UUID of player gato_the_gay is 45c7a210-8e9a-47b1-a1ed-94b423e1cdd2
[09:54:51] [Server thread/INFO]: gato_the_gay joined the game
[09:54:51] [Server thread/INFO]: gato_the_gay[/[0:0:0:0:0:0:0:1]:59069] logged in with entity id 476357 at ([world]3879.4448742603863, -3.0, -3706.2299496357023)
[09:54:51] [Server thread/INFO]: [voicechat] Received secret request of gato_the_gay (18)
[09:54:51] [Server thread/INFO]: [voicechat] Sent secret to gato_the_gay
[09:55:30] [User Authenticator #69/INFO]: UUID of player Logs369 is d7d0c0f5-d2bd-47d2-9bf3-05ceedd7ba85
[09:55:31] [Server thread/INFO]: Logs369 joined the game
[09:55:31] [Server thread/INFO]: Logs369[/[0:0:0:0:0:0:0:1]:59076] logged in with entity id 476853 at ([world_nether]-4253.866089392302, 129.5, 2466.880214100953)
[09:55:32] [Server thread/INFO]: Named entity Allay['tran trung kien'/476854, uuid='89f775e6-eb8d-4322-88d3-5bc7ce7652b7', l='ServerLevel[world_nether]', x=-4250.78, y=129.00, z=2469.29, cpos=[-266, 154], tl=129610, v=true] died: tran trung kien withered away
[09:58:23] [User Authenticator #70/INFO]: UUID of player EvoKoifis is 230bd0f2-c1cb-4be8-81b5-59d271f2351d
[09:58:25] [Server thread/INFO]: EvoKoifis joined the game
[09:58:25] [Server thread/INFO]: EvoKoifis[/[0:0:0:0:0:0:0:1]:59084] logged in with entity id 479041 at ([world]-33732.63473933889, 78.78947876269956, -25365.8075937833)
[10:05:55] [Server thread/INFO]: Named entity Allay['tran trung kien'/482576, uuid='09b1a0af-db25-4ffd-9927-a182d31b2f8e', l='ServerLevel[world_nether]', x=-4250.17, y=129.00, z=2469.17, cpos=[-266, 154], tl=131189, v=true] died: tran trung kien withered away
[10:10:01] [Server thread/INFO]: Logs369 lost connection: Disconnected
[10:10:01] [Server thread/INFO]: [voicechat] Disconnecting client Logs369
[10:10:01] [Server thread/INFO]: Logs369 left the game
[10:11:34] [Async Chat Thread - #139/INFO]: <EvoKoifis> skibidi fortnite
[10:11:41] [User Authenticator #71/INFO]: UUID of player canhvjp is 6ce961f5-d685-4d10-a921-2a5d3a163147
[10:11:42] [Server thread/INFO]: canhvjp joined the game
[10:11:42] [Server thread/INFO]: canhvjp[/[0:0:0:0:0:0:0:1]:59108] logged in with entity id 485638 at ([world]-34071.29707064269, 82.0, 19945.061889623852)
[10:11:43] [Server thread/INFO]: [voicechat] Received secret request of canhvjp (18)
[10:11:43] [Server thread/INFO]: [voicechat] Sent secret to canhvjp
[10:11:54] [Async Chat Thread - #139/INFO]: <EvoKoifis> ngu di
[10:11:56] [Async Chat Thread - #138/INFO]: <EvoKoifis> kk
[10:13:47] [User Authenticator #72/INFO]: UUID of player woodnameless is 182c542b-f6d4-421f-9935-71a20987308b
[10:13:48] [Server thread/INFO]: woodnameless joined the game
[10:13:48] [Server thread/INFO]: woodnameless[/[0:0:0:0:0:0:0:1]:59115] logged in with entity id 486769 at ([world]5565.562438151291, 86.0, -3580.3152984726407)
[10:13:49] [Server thread/INFO]: [voicechat] Received secret request of woodnameless (18)
[10:13:49] [Server thread/INFO]: [voicechat] Sent secret to woodnameless
[10:14:58] [User Authenticator #73/INFO]: UUID of player TaFiz008 is d39c4299-2602-442c-bcbe-5f4ead016690
[10:14:59] [Server thread/INFO]: TaFiz008 joined the game
[10:14:59] [Server thread/INFO]: TaFiz008[/[0:0:0:0:0:0:0:1]:59119] logged in with entity id 488239 at ([world]-129966.30000001192, 64.0, 78702.30000001192)
[10:15:00] [Server thread/INFO]: [voicechat] Received secret request of TaFiz008 (18)
[10:15:00] [Server thread/INFO]: [voicechat] Sent secret to TaFiz008
[10:15:09] [Server thread/INFO]: Villager Villager['Villager'/486777, uuid='9014f98f-fdfb-4191-afd7-346faa8c6ced', l='ServerLevel[world]', x=5503.50, y=101.00, z=-3567.27, cpos=[343, -223], tl=61208, v=true] died, message: 'Villager was slain by Zombie'
[10:15:21] [Async Chat Thread - #141/INFO]: <EvoKoifis> skibidi fortnite
[10:15:40] [Server thread/INFO]: Villager Villager['Villager'/486801, uuid='4ca8846f-2ea8-4129-9a8d-4628ebeb675a', l='ServerLevel[world]', x=5555.50, y=69.00, z=-3538.16, cpos=[347, -222], tl=66765, v=true] died, message: 'Villager was slain by Zombie'
[10:15:47] [Server thread/INFO]: Villager Villager['Farmer'/486778, uuid='81a9fc1d-0f23-4e94-b216-7a03c7af4594', l='ServerLevel[world]', x=5558.70, y=69.00, z=-3537.66, cpos=[347, -222], tl=58360, v=true] died, message: 'Farmer was slain by Zombie'
[10:16:35] [Async Chat Thread - #143/INFO]: <gato_the_gay> KHUM NUM
[10:17:24] [Server thread/INFO]: canhvjp lost connection: Disconnected
[10:17:24] [Server thread/INFO]: [voicechat] Disconnecting client canhvjp
[10:17:25] [Server thread/INFO]: canhvjp left the game
[10:22:28] [Server thread/INFO]: woodnameless lost connection: Disconnected
[10:22:28] [Server thread/INFO]: [voicechat] Disconnecting client woodnameless
[10:22:28] [Server thread/INFO]: woodnameless left the game
[10:25:38] [Server thread/INFO]: TaFiz008 lost connection: Timed out
[10:25:38] [Server thread/INFO]: [voicechat] Disconnecting client TaFiz008
[10:25:38] [Server thread/INFO]: TaFiz008 left the game
[10:28:13] [User Authenticator #74/INFO]: UUID of player woodnameless is 182c542b-f6d4-421f-9935-71a20987308b
[10:28:15] [Server thread/INFO]: woodnameless joined the game
[10:28:15] [Server thread/INFO]: woodnameless[/[0:0:0:0:0:0:0:1]:59153] logged in with entity id 495676 at ([world]5726.442647520157, -25.0, -3505.3229922505275)
[10:28:15] [Server thread/INFO]: [voicechat] Received secret request of woodnameless (18)
[10:28:15] [Server thread/INFO]: [voicechat] Sent secret to woodnameless
[10:34:51] [User Authenticator #75/INFO]: UUID of player TaFiz008 is d39c4299-2602-442c-bcbe-5f4ead016690
[10:34:52] [Server thread/INFO]: TaFiz008 joined the game
[10:34:52] [Server thread/INFO]: TaFiz008[/[0:0:0:0:0:0:0:1]:59195] logged in with entity id 499314 at ([world_nether]-16223.300000011921, 97.0, 9831.300000011921)
[10:34:52] [Server thread/INFO]: [voicechat] Received secret request of TaFiz008 (18)
[10:34:52] [Server thread/INFO]: [voicechat] Sent secret to TaFiz008
[10:38:37] [Server thread/INFO]: Villager Villager['Villager'/479102, uuid='5a3f638f-1359-4ffb-8f89-7ca3b92c91a1', l='ServerLevel[world]', x=-33693.63, y=63.00, z=-25455.34, cpos=[-2106, -1591], tl=411272, v=true] died, message: 'Villager was slain by Zombie'
[11:00:16] [Async Chat Thread - #148/INFO]: <gato_the_gay> adawda
[11:05:12] [Server thread/INFO]: woodnameless lost connection: Disconnected
[11:05:12] [Server thread/INFO]: [voicechat] Disconnecting client woodnameless
[11:05:12] [Server thread/INFO]: woodnameless left the game
[11:06:55] [Server thread/INFO]: gato_the_gay lost connection: Kicked for exceeding packet rate limit
[11:06:55] [Server thread/INFO]: [voicechat] Disconnecting client gato_the_gay
[11:06:55] [Server thread/INFO]: gato_the_gay left the game
[11:06:59] [User Authenticator #76/INFO]: UUID of player gato_the_gay is 45c7a210-8e9a-47b1-a1ed-94b423e1cdd2
[11:07:00] [Server thread/INFO]: gato_the_gay joined the game
[11:07:00] [Server thread/INFO]: gato_the_gay[/[0:0:0:0:0:0:0:1]:59306] logged in with entity id 517863 at ([world]3879.699999988079, -8.0, -3696.4023140142417)
[11:07:00] [Server thread/INFO]: [voicechat] Received secret request of gato_the_gay (18)
[11:07:00] [Server thread/INFO]: [voicechat] Sent secret to gato_the_gay
[11:09:44] [Server thread/INFO]: TaFiz008 lost connection: Disconnected
[11:09:44] [Server thread/INFO]: [voicechat] Disconnecting client TaFiz008
[11:09:44] [Server thread/INFO]: TaFiz008 left the game
[11:09:48] [User Authenticator #77/INFO]: UUID of player TaFiz008 is d39c4299-2602-442c-bcbe-5f4ead016690
[11:09:50] [Server thread/INFO]: TaFiz008 joined the game
[11:09:50] [Server thread/INFO]: TaFiz008[/[0:0:0:0:0:0:0:1]:59311] logged in with entity id 519451 at ([world]-129983.18737461936, 52.973698458125995, 78655.66614609372)
[11:09:50] [Server thread/INFO]: [voicechat] Received secret request of TaFiz008 (18)
[11:09:50] [Server thread/INFO]: [voicechat] Sent secret to TaFiz008
[11:11:51] [User Authenticator #78/INFO]: UUID of player woodnameless is 182c542b-f6d4-421f-9935-71a20987308b
[11:11:52] [Server thread/INFO]: woodnameless joined the game
[11:11:52] [Server thread/INFO]: woodnameless[/[0:0:0:0:0:0:0:1]:59319] logged in with entity id 520993 at ([world]5565.149799072072, 69.0, -3534.4239397817305)
[11:11:52] [Server thread/INFO]: [voicechat] Received secret request of woodnameless (18)
[11:11:52] [Server thread/INFO]: [voicechat] Sent secret to woodnameless
[11:16:15] [Server thread/INFO]: woodnameless has made the advancement [What a Deal!]
[11:17:57] [Server thread/INFO]: Villager Villager['Leatherworker'/505680, uuid='c0c2c704-57ab-4360-9f17-0396474dee75', l='ServerLevel[world]', x=-129919.86, y=103.00, z=78691.71, cpos=[-8120, 4918], tl=138781, v=true] died, message: 'Leatherworker was slain by Zombie'
[11:21:36] [Async Chat Thread - #152/INFO]: <EvoKoifis> the streamers on the bus go what the sigma
[11:21:38] [Async Chat Thread - #152/INFO]: <EvoKoifis> what the sigma
[11:21:42] [Async Chat Thread - #152/INFO]: <gato_the_gay> ???????????????????
[11:21:52] [Async Chat Thread - #152/INFO]: <EvoKoifis> what's wrong
[11:22:37] [Server thread/INFO]: gato_the_gay lost connection: Disconnected
[11:22:37] [Server thread/INFO]: [voicechat] Disconnecting client gato_the_gay
[11:22:37] [Server thread/INFO]: gato_the_gay left the game
[11:22:40] [User Authenticator #79/INFO]: UUID of player gato_the_gay is 45c7a210-8e9a-47b1-a1ed-94b423e1cdd2
[11:22:40] [Server thread/INFO]: gato_the_gay joined the game
[11:22:40] [Server thread/INFO]: gato_the_gay[/[0:0:0:0:0:0:0:1]:59345] logged in with entity id 527758 at ([world]3899.1705135130164, -10.0, -3709.123325713737)
[11:22:41] [Server thread/INFO]: [voicechat] Received secret request of gato_the_gay (18)
[11:22:41] [Server thread/INFO]: [voicechat] Sent secret to gato_the_gay
[11:23:33] [Async Chat Thread - #152/INFO]: <EvoKoifis> the rizzlers on the go gyatt gyatt gyatt
[11:28:48] [Server thread/INFO]: woodnameless lost connection: Disconnected
[11:28:48] [Server thread/INFO]: [voicechat] Disconnecting client woodnameless
[11:28:48] [Server thread/INFO]: woodnameless left the game
[11:29:05] [Server thread/INFO]: TaFiz008 has made the advancement [The Cutest Predator]
[11:29:10] [Async Chat Thread - #155/INFO]: <gato_the_gay> cutest
[11:29:16] [Async Chat Thread - #155/INFO]: <gato_the_gay> de thuong
[11:29:22] [Async Chat Thread - #155/INFO]: <TaFiz008> ☻
[11:30:31] [Async Chat Thread - #157/INFO]: <EvoKoifis> huu an thu rizz em di
[11:30:32] [Async Chat Thread - #157/INFO]: <EvoKoifis> hihi
[11:30:37] [Async Chat Thread - #157/INFO]: <gato_the_gay> wtf
[11:30:41] [Async Chat Thread - #157/INFO]: <gato_the_gay> sus
[11:30:45] [Async Chat Thread - #157/INFO]: <EvoKoifis> di ma anh
[11:31:04] [Async Chat Thread - #157/INFO]: <gato_the_gay> ah
[11:31:44] [Server thread/INFO]: TaFiz008 has made the advancement [Sneak 100]
[11:31:47] [Async Chat Thread - #157/INFO]: <gato_the_gay> meo beo
[11:31:50] [Async Chat Thread - #157/INFO]: <gato_the_gay> cu beo
[11:31:54] [Async Chat Thread - #157/INFO]: <gato_the_gay> chim teo
[11:31:57] [Async Chat Thread - #157/INFO]: <gato_the_gay> ok
[11:31:59] [Async Chat Thread - #157/INFO]: <gato_the_gay> sneak 100
[11:32:02] [Async Chat Thread - #157/INFO]: <gato_the_gay> sneaker
[11:32:07] [Async Chat Thread - #158/INFO]: <TaFiz008> sticker
[11:32:09] [Async Chat Thread - #157/INFO]: <EvoKoifis> W rizz
[11:32:10] [Async Chat Thread - #157/INFO]: <TaFiz008> biiger
[11:32:14] [Server thread/INFO]: TaFiz008 lost connection: Disconnected
[11:32:14] [Server thread/INFO]: [voicechat] Disconnecting client TaFiz008
[11:32:14] [Server thread/INFO]: TaFiz008 left the game
[11:32:17] [User Authenticator #80/INFO]: UUID of player TaFiz008 is d39c4299-2602-442c-bcbe-5f4ead016690
[11:32:19] [Server thread/INFO]: TaFiz008 joined the game
[11:32:19] [Server thread/INFO]: TaFiz008[/[0:0:0:0:0:0:0:1]:59364] logged in with entity id 533934 at ([world]-129794.65266424662, -53.0, 78614.40853191975)
[11:32:20] [Server thread/INFO]: [voicechat] Received secret request of TaFiz008 (18)
[11:32:20] [Server thread/INFO]: [voicechat] Sent secret to TaFiz008
[11:34:16] [Async Chat Thread - #159/INFO]: <gato_the_gay> SKILL ISSUE
[11:43:07] [Server thread/INFO]: TaFiz008 lost connection: Disconnected
[11:43:07] [Server thread/INFO]: [voicechat] Disconnecting client TaFiz008
[11:43:07] [Server thread/INFO]: TaFiz008 left the game
[11:43:24] [User Authenticator #81/INFO]: UUID of player TaFiz008 is d39c4299-2602-442c-bcbe-5f4ead016690
[11:43:25] [Server thread/INFO]: TaFiz008 joined the game
[11:43:25] [Server thread/INFO]: TaFiz008[/[0:0:0:0:0:0:0:1]:59382] logged in with entity id 538817 at ([world]-129878.80902160732, 104.0, 78675.69999998808)
[11:43:25] [Server thread/INFO]: [voicechat] Received secret request of TaFiz008 (18)
[11:43:25] [Server thread/INFO]: [voicechat] Sent secret to TaFiz008
[11:44:03] [Server thread/INFO]: Villager Villager['Villager'/539364, uuid='dc1681a6-56ab-49a8-89b9-203e660d6ecc', l='ServerLevel[world_nether]', x=-16215.10, y=26.73, z=9826.40, cpos=[-1014, 614], tl=102552, v=true] died, message: 'Villager tried to swim in lava to escape TaFiz008'
[11:44:16] [Server thread/INFO]: gato_the_gay fell from a high place
[11:44:19] [Server thread/INFO]: TaFiz008 lost connection: Disconnected
[11:44:19] [Server thread/INFO]: [voicechat] Disconnecting client TaFiz008
[11:44:19] [Server thread/INFO]: TaFiz008 left the game
[11:44:23] [User Authenticator #81/INFO]: UUID of player TaFiz008 is d39c4299-2602-442c-bcbe-5f4ead016690
[11:44:24] [Server thread/INFO]: TaFiz008 joined the game
[11:44:24] [Server thread/INFO]: TaFiz008[/[0:0:0:0:0:0:0:1]:59388] logged in with entity id 539979 at ([world_nether]-16226.614433173212, 97.0, 9829.523959027727)
[11:44:24] [Server thread/INFO]: [voicechat] Received secret request of TaFiz008 (18)
[11:44:24] [Server thread/INFO]: [voicechat] Sent secret to TaFiz008
[12:06:21] [Server thread/INFO]: gato_the_gay lost connection: Disconnected
[12:06:21] [Server thread/INFO]: [voicechat] Disconnecting client gato_the_gay
[12:06:21] [Server thread/INFO]: gato_the_gay left the game
[12:12:41] [Server thread/INFO]: Villager Villager['Villager'/540119, uuid='0a56dad9-5932-4149-9a50-2817a00bbf40', l='ServerLevel[world]', x=-129941.49, y=73.75, z=78730.30, cpos=[-8122, 4920], tl=203105, v=true] died, message: 'Villager was slain by Zombie Villager'
[12:17:15] [Server thread/INFO]: TaFiz008 lost connection: Disconnected
[12:17:15] [Server thread/INFO]: [voicechat] Disconnecting client TaFiz008
[12:17:15] [Server thread/INFO]: TaFiz008 left the game
[12:17:18] [User Authenticator #82/INFO]: UUID of player TaFiz008 is d39c4299-2602-442c-bcbe-5f4ead016690
[12:17:19] [Server thread/INFO]: TaFiz008 joined the game
[12:17:19] [Server thread/INFO]: TaFiz008[/[0:0:0:0:0:0:0:1]:59454] logged in with entity id 553532 at ([world_nether]-16262.86155343109, 128.0, 9812.422819580244)
[12:17:19] [Server thread/INFO]: [voicechat] Received secret request of TaFiz008 (18)
[12:17:19] [Server thread/INFO]: [voicechat] Sent secret to TaFiz008
[12:18:08] [Server thread/INFO]: TaFiz008 lost connection: Timed out
[12:18:08] [Server thread/INFO]: [voicechat] Disconnecting client TaFiz008
[12:18:08] [Server thread/INFO]: TaFiz008 left the game
[12:18:12] [User Authenticator #82/INFO]: UUID of player TaFiz008 is d39c4299-2602-442c-bcbe-5f4ead016690
[12:18:13] [Server thread/INFO]: TaFiz008 joined the game
[12:18:13] [Server thread/INFO]: TaFiz008[/[0:0:0:0:0:0:0:1]:59457] logged in with entity id 553814 at ([world_nether]-16262.86155343109, 128.0, 9812.422819580244)
[12:18:13] [Server thread/INFO]: [voicechat] Received secret request of TaFiz008 (18)
[12:18:13] [Server thread/INFO]: [voicechat] Sent secret to TaFiz008
[12:19:12] [Server thread/INFO]: TaFiz008 lost connection: Disconnected
[12:19:12] [Server thread/INFO]: [voicechat] Disconnecting client TaFiz008
[12:19:12] [Server thread/INFO]: TaFiz008 left the game
[12:38:55] [Server thread/INFO]: There are 1 of a max of 20 players online: EvoKoifis
[12:39:05] [Server thread/INFO]: [Not Secure] [Server] bao tri server
[12:39:09] [Async Chat Thread - #163/INFO]: <EvoKoifis> noooooooo
[12:39:12] [Async Chat Thread - #164/INFO]: <EvoKoifis> trong bao lau/
[12:39:13] [Server thread/INFO]: Stopping the server
[12:39:13] [Server thread/INFO]: Stopping server
[12:39:13] [Server thread/INFO]: [ColorCodes] Disabling ColorCodes v1.1
[12:39:13] [Server thread/INFO]: [ImageFrame] Disabling ImageFrame v1.7.9.0
[12:39:13] [Server thread/INFO]: [ImageFrame] ImageFrame has been Disabled!
[12:39:13] [Server thread/INFO]: [MusicBox] Disabling MusicBox v2.1.2
[12:39:13] [Server thread/INFO]: [voicechat] Disabling voicechat v2.5.16
[12:39:13] [Server thread/INFO]: [NoteBlockAPI] Disabling NoteBlockAPI v1.6.2
[12:39:13] [Server thread/INFO]: Saving players
[12:39:13] [Server thread/INFO]: EvoKoifis lost connection: Server closed
[12:39:13] [Server thread/INFO]: EvoKoifis left the game
[12:39:13] [Server thread/INFO]: Saving worlds
[12:39:13] [Server thread/INFO]: Saving chunks for level 'ServerLevel[world]'/minecraft:overworld
[12:39:13] [Server thread/INFO]: [ChunkHolderManager] Waiting 60s for chunk system to halt for world 'world'
[12:39:13] [Server thread/INFO]: [ChunkHolderManager] Halted chunk system for world 'world'
[12:39:13] [Server thread/INFO]: [ChunkHolderManager] Saving all chunkholders for world 'world'
[12:39:14] [Server thread/INFO]: [ChunkHolderManager] Saved 32 block chunks, 438 entity chunks, 1 poi chunks in world 'world' in 0.58s
[12:39:15] [Server thread/INFO]: Saving chunks for level 'ServerLevel[world_nether]'/minecraft:the_nether
[12:39:15] [Server thread/INFO]: [ChunkHolderManager] Waiting 60s for chunk system to halt for world 'world_nether'
[12:39:15] [Server thread/INFO]: [ChunkHolderManager] Halted chunk system for world 'world_nether'
[12:39:15] [Server thread/INFO]: [ChunkHolderManager] Saving all chunkholders for world 'world_nether'
[12:39:15] [Server thread/INFO]: [ChunkHolderManager] Saved 8 block chunks, 45 entity chunks, 0 poi chunks in world 'world_nether' in 0.29s
[12:39:16] [Server thread/INFO]: ThreadedAnvilChunkStorage (world): All chunks are saved
[12:39:16] [Server thread/INFO]: ThreadedAnvilChunkStorage (DIM-1): All chunks are saved
[12:39:16] [Server thread/INFO]: ThreadedAnvilChunkStorage: All dimensions are saved
