[14:57:08] [ServerMain/INFO]: Environment: Environment[sessionHost=https://sessionserver.mojang.com, servicesHost=https://api.minecraftservices.com, name=PROD]
[14:57:10] [ServerMain/INFO]: Loaded 1290 recipes
[14:57:10] [ServerMain/INFO]: Loaded 1399 advancements
[14:57:10] [Server thread/INFO]: Starting minecraft server version 1.21
[14:57:10] [Server thread/INFO]: Loading properties
[14:57:10] [Server thread/INFO]: This server is running Paper version 1.21-57-master@0e02aa5 (2024-07-11T19:34:02Z) (Implementing API version 1.21-R0.1-SNAPSHOT)
[14:57:11] [Server thread/INFO]: Server Ping Player Sample Count: 12
[14:57:11] [Server thread/INFO]: Using 4 threads for Netty based IO
[14:57:12] [Server thread/WARN]: [!] The timings profiler has been enabled but has been scheduled for removal from Paper in the future.
    We recommend installing the spark profiler as a replacement: https://spark.lucko.me/
    For more information please visit: https://github.com/PaperMC/Paper/issues/8948
[14:57:12] [Server thread/INFO]: [ChunkTaskScheduler] Chunk system is using 1 I/O threads, 1 worker threads, and population gen parallelism of 1 threads
[14:57:12] [Server thread/INFO]: Default game type: SURVIVAL
[14:57:12] [Server thread/INFO]: Generating keypair
[14:57:12] [Server thread/INFO]: Starting Minecraft server on *:25565
[14:57:12] [Server thread/INFO]: Using epoll channel type
[14:57:12] [Server thread/INFO]: Paper: Using libdeflate (Linux x86_64) compression from Velocity.
[14:57:12] [Server thread/INFO]: Paper: Using OpenSSL 1.1.x (Linux x86_64) cipher from Velocity.
[14:57:12] [Server thread/INFO]: Server permissions file permissions.yml is empty, ignoring it
[14:57:12] [Server thread/INFO]: Preparing level "world"
[14:57:12] [Server thread/INFO]: Preparing start region for dimension minecraft:overworld
[14:57:14] [Server thread/INFO]: Time elapsed: 1323 ms
[14:57:14] [Server thread/INFO]: Preparing start region for dimension minecraft:the_nether
[14:57:14] [Server thread/INFO]: Time elapsed: 160 ms
[14:57:14] [Server thread/INFO]: Running delayed init tasks
[14:57:14] [Server thread/INFO]: Done (3.542s)! For help, type "help"
[14:57:14] [Server thread/INFO]: Timings Reset
