[13:37:48] [ServerMain/INFO]: Environment: Environment[sessionHost=https://sessionserver.mojang.com, servicesHost=https://api.minecraftservices.com, name=PROD]
[13:37:54] [ServerMain/INFO]: Loaded 1290 recipes
[13:37:55] [ServerMain/INFO]: Loaded 1399 advancements
[13:37:56] [Server thread/INFO]: Starting minecraft server version 1.21
[13:37:56] [Server thread/INFO]: Loading properties
[13:37:56] [Server thread/INFO]: This server is running Paper version 1.21-57-master@0e02aa5 (2024-07-11T19:34:02Z) (Implementing API version 1.21-R0.1-SNAPSHOT)
[13:37:58] [Server thread/INFO]: Using 4 threads for Netty based IO
[13:37:58] [Server thread/INFO]: Server Ping Player Sample Count: 12
[13:38:00] [Server thread/WARN]: [!] The timings profiler has been enabled but has been scheduled for removal from Paper in the future.
    We recommend installing the spark profiler as a replacement: https://spark.lucko.me/
    For more information please visit: https://github.com/PaperMC/Paper/issues/8948
[13:38:00] [Server thread/INFO]: [ChunkTaskScheduler] Chunk system is using 1 I/O threads, 1 worker threads, and population gen parallelism of 1 threads
[13:38:01] [Server thread/INFO]: Default game type: SURVIVAL
[13:38:01] [Server thread/INFO]: Generating keypair
[13:38:02] [Server thread/INFO]: Starting Minecraft server on *:25565
[13:38:02] [Server thread/INFO]: Using epoll channel type
[13:38:02] [Server thread/INFO]: Paper: Using libdeflate (Linux x86_64) compression from Velocity.
[13:38:02] [Server thread/INFO]: Paper: Using OpenSSL 1.1.x (Linux x86_64) cipher from Velocity.
[13:38:02] [Server thread/INFO]: Server permissions file permissions.yml is empty, ignoring it
[13:38:02] [Server thread/INFO]: Preparing level "world"
[13:38:04] [Server thread/INFO]: Preparing start region for dimension minecraft:overworld
[13:38:09] [Server thread/INFO]: Time elapsed: 5678 ms
[13:38:09] [Server thread/INFO]: Preparing start region for dimension minecraft:the_nether
[13:38:10] [Server thread/INFO]: Time elapsed: 629 ms
[13:38:10] [Server thread/INFO]: Running delayed init tasks
[13:38:10] [Server thread/INFO]: Done (14.537s)! For help, type "help"
[13:38:10] [Server thread/INFO]: Timings Reset
[13:39:50] [User Authenticator #0/INFO]: UUID of player canhvjp is 6ce961f5-d685-4d10-a921-2a5d3a163147
[13:39:53] [Server thread/INFO]: canhvjp joined the game
[13:39:53] [Server thread/INFO]: canhvjp[/[0:0:0:0:0:0:0:1%0]:42112] logged in with entity id 15 at ([world]-34070.19964991053, 82.0, 19952.98136324324)
[13:39:55] [Server thread/WARN]: Can't keep up! Is the server overloaded? Running 2605ms or 52 ticks behind
[13:40:25] [Server thread/WARN]: Can't keep up! Is the server overloaded? Running 14986ms or 299 ticks behind
[13:41:05] [User Authenticator #1/INFO]: UUID of player EvoKoifis is 230bd0f2-c1cb-4be8-81b5-59d271f2351d
[13:41:06] [Server thread/INFO]: EvoKoifis joined the game
[13:41:06] [Server thread/INFO]: EvoKoifis[/[0:0:0:0:0:0:0:1%0]:56786] logged in with entity id 450 at ([world]-3150.802089023604, 85.0, -6348.683872314706)
[13:41:07] [Server thread/WARN]: [ca.spottedleaf.moonrise.patches.chunk_system.level.entity.EntityLookup] Entity uuid already exists: 54f014b6-a78e-4efb-ae62-4582073d174b, mapped to Sheep['Sheep'/497, uuid='54f014b6-a78e-4efb-ae62-4582073d174b', l='ServerLevel[world]', x=-3137.19, y=63.00, z=-6288.05, cpos=[-197, -394], tl=636246, v=true], can't add Sheep['Sheep'/545, uuid='54f014b6-a78e-4efb-ae62-4582073d174b', l='ServerLevel[world]', x=-3137.11, y=63.00, z=-6287.89, cpos=[-197, -393], tl=636228, v=false]
[13:41:07] [Server thread/WARN]: [ca.spottedleaf.moonrise.patches.chunk_system.level.entity.EntityLookup] Entity uuid already exists: a1bffbad-ec23-485d-a156-ecb509a8bee4, mapped to Sheep['Sheep'/565, uuid='a1bffbad-ec23-485d-a156-ecb509a8bee4', l='ServerLevel[world]', x=-3135.45, y=63.00, z=-6288.03, cpos=[-196, -394], tl=517915, v=true], can't add Sheep['Sheep'/593, uuid='a1bffbad-ec23-485d-a156-ecb509a8bee4', l='ServerLevel[world]', x=-3135.45, y=63.00, z=-6287.96, cpos=[-196, -393], tl=517893, v=false]
[13:41:08] [Server thread/WARN]: [ca.spottedleaf.moonrise.patches.chunk_system.level.entity.EntityLookup] Entity uuid already exists: e9008327-2b2a-4be8-bc1e-42ec0e79d35a, mapped to Bat['Bat'/606, uuid='e9008327-2b2a-4be8-bc1e-42ec0e79d35a', l='ServerLevel[world]', x=-3154.54, y=21.29, z=-6415.48, cpos=[-198, -401], tl=1045, v=true], can't add Bat['Bat'/644, uuid='e9008327-2b2a-4be8-bc1e-42ec0e79d35a', l='ServerLevel[world]', x=-3156.28, y=21.44, z=-6416.37, cpos=[-198, -402], tl=1215, v=false]
[13:41:09] [Server thread/WARN]: Can't keep up! Is the server overloaded? Running 2706ms or 54 ticks behind
[13:41:19] [Server thread/WARN]: [ca.spottedleaf.moonrise.patches.chunk_system.level.entity.EntityLookup] Entity uuid already exists: 00fa820d-05df-4d17-a5ff-2a32fcbd2fda, mapped to Bee['Bee'/890, uuid='00fa820d-05df-4d17-a5ff-2a32fcbd2fda', l='ServerLevel[world]', x=-3337.86, y=78.04, z=-6559.32, cpos=[-209, -410], tl=69938, v=true], can't add Bee['Bee'/909, uuid='00fa820d-05df-4d17-a5ff-2a32fcbd2fda', l='ServerLevel[world]', x=-3361.65, y=71.00, z=-6568.52, cpos=[-211, -411], tl=71062, v=false]
[13:41:35] [Async Chat Thread - #1/INFO]: <EvoKoifis> mat 2 stack go roi
[13:41:36] [Async Chat Thread - #1/INFO]: <EvoKoifis> huhu
[13:41:47] [Async Chat Thread - #2/INFO]: <EvoKoifis> save world nhung khong save inv hay sao y
[13:41:50] [Server thread/WARN]: Can't keep up! Is the server overloaded? Running 25240ms or 504 ticks behind
[13:42:12] [Server thread/WARN]: Can't keep up! Is the server overloaded? Running 7792ms or 155 ticks behind
[13:44:05] [User Authenticator #2/INFO]: UUID of player TaFiz008 is d39c4299-2602-442c-bcbe-5f4ead016690
[13:44:12] [User Authenticator #2/INFO]: UUID of player PH1008 is 5c616ce3-47da-4542-92bf-6015a6c3c9d9
[13:44:13] [Paper Watchdog Thread/ERROR]: --- DO NOT REPORT THIS TO PAPER - THIS IS NOT A BUG OR A CRASH  - 1.21-57-0e02aa5 (MC: 1.21) ---
[13:44:13] [Paper Watchdog Thread/ERROR]: The server has not responded for 10 seconds! Creating thread dump
[13:44:13] [Paper Watchdog Thread/ERROR]: ------------------------------
[13:44:13] [Paper Watchdog Thread/ERROR]: Server thread dump (Look for plugins here before reporting to Paper!):
[13:44:13] [Paper Watchdog Thread/ERROR]: ------------------------------
[13:44:13] [Paper Watchdog Thread/ERROR]: Current Thread: Server thread
[13:44:13] [Paper Watchdog Thread/ERROR]: 	PID: 35 | Suspended: false | Native: false | State: RUNNABLE
[13:44:13] [Paper Watchdog Thread/ERROR]: 	Stack:
[13:44:13] [Paper Watchdog Thread/ERROR]: 		net.minecraft.world.level.chunk.PalettedContainer.pack(PalettedContainer.java:313)
[13:44:13] [Paper Watchdog Thread/ERROR]: 		net.minecraft.world.level.chunk.PalettedContainer.lambda$codec$6(PalettedContainer.java:76)
[13:44:13] [Paper Watchdog Thread/ERROR]: 		net.minecraft.world.level.chunk.PalettedContainer$$Lambda/0x0000735b88e23a10.apply(Unknown Source)
[13:44:13] [Paper Watchdog Thread/ERROR]: 		com.mojang.serialization.Encoder$1.encode(Encoder.java:25)
[13:44:13] [Paper Watchdog Thread/ERROR]: 		com.mojang.serialization.Codec$2.encode(Codec.java:80)
[13:44:13] [Paper Watchdog Thread/ERROR]: 		com.mojang.serialization.Encoder.encodeStart(Encoder.java:14)
[13:44:13] [Paper Watchdog Thread/ERROR]: 		net.minecraft.world.level.chunk.storage.ChunkSerializer.saveChunk(ChunkSerializer.java:439)
[13:44:13] [Paper Watchdog Thread/ERROR]: 		net.minecraft.world.level.chunk.storage.ChunkSerializer.write(ChunkSerializer.java:377)
[13:44:13] [Paper Watchdog Thread/ERROR]: 		ca.spottedleaf.moonrise.patches.chunk_system.scheduling.NewChunkHolder.saveChunk(NewChunkHolder.java:1817)
[13:44:13] [Paper Watchdog Thread/ERROR]: 		ca.spottedleaf.moonrise.patches.chunk_system.scheduling.NewChunkHolder.save(NewChunkHolder.java:1721)
[13:44:13] [Paper Watchdog Thread/ERROR]: 		ca.spottedleaf.moonrise.patches.chunk_system.scheduling.ChunkHolderManager.saveAllChunks(ChunkHolderManager.java:283)
[13:44:13] [Paper Watchdog Thread/ERROR]: 		net.minecraft.server.level.ChunkMap.saveAllChunks(ChunkMap.java:422)
[13:44:13] [Paper Watchdog Thread/ERROR]: 		net.minecraft.server.level.ServerChunkCache.save(ServerChunkCache.java:361)
[13:44:13] [Paper Watchdog Thread/ERROR]: 		net.minecraft.server.level.ServerLevel.save(ServerLevel.java:1343)
[13:44:13] [Paper Watchdog Thread/ERROR]: 		net.minecraft.server.MinecraftServer.saveAllChunks(MinecraftServer.java:962)
[13:44:13] [Paper Watchdog Thread/ERROR]: 		net.minecraft.server.MinecraftServer.saveAllChunks(MinecraftServer.java:949)
[13:44:13] [Paper Watchdog Thread/ERROR]: 		net.minecraft.server.MinecraftServer.saveEverything(MinecraftServer.java:996)
[13:44:13] [Paper Watchdog Thread/ERROR]: 		net.minecraft.server.MinecraftServer.tickServer(MinecraftServer.java:1615)
[13:44:13] [Paper Watchdog Thread/ERROR]: 		net.minecraft.server.MinecraftServer.runServer(MinecraftServer.java:1309)
[13:44:13] [Paper Watchdog Thread/ERROR]: 		net.minecraft.server.MinecraftServer.lambda$spin$0(MinecraftServer.java:330)
[13:44:13] [Paper Watchdog Thread/ERROR]: 		net.minecraft.server.MinecraftServer$$Lambda/0x0000735b88bfe7b0.run(Unknown Source)
[13:44:13] [Paper Watchdog Thread/ERROR]: 		java.base@21.0.3/java.lang.Thread.runWith(Thread.java:1596)
[13:44:13] [Paper Watchdog Thread/ERROR]: 		java.base@21.0.3/java.lang.Thread.run(Thread.java:1583)
[13:44:13] [Paper Watchdog Thread/ERROR]: ------------------------------
[13:44:13] [Paper Watchdog Thread/ERROR]: --- DO NOT REPORT THIS TO PAPER - THIS IS NOT A BUG OR A CRASH ---
[13:44:13] [Paper Watchdog Thread/ERROR]: ------------------------------
[13:44:16] [Async Chat Thread - #3/INFO]: <EvoKoifis> lag ?
[13:44:18] [Paper Watchdog Thread/ERROR]: --- DO NOT REPORT THIS TO PAPER - THIS IS NOT A BUG OR A CRASH  - 1.21-57-0e02aa5 (MC: 1.21) ---
[13:44:18] [Paper Watchdog Thread/ERROR]: The server has not responded for 15 seconds! Creating thread dump
[13:44:18] [Paper Watchdog Thread/ERROR]: ------------------------------
[13:44:18] [Paper Watchdog Thread/ERROR]: Server thread dump (Look for plugins here before reporting to Paper!):
[13:44:18] [Paper Watchdog Thread/ERROR]: ------------------------------
[13:44:18] [Paper Watchdog Thread/ERROR]: Current Thread: Server thread
[13:44:18] [Paper Watchdog Thread/ERROR]: 	PID: 35 | Suspended: false | Native: false | State: RUNNABLE
[13:44:18] [Paper Watchdog Thread/ERROR]: 	Stack:
[13:44:18] [Paper Watchdog Thread/ERROR]: 		java.base@21.0.3/java.lang.invoke.DirectMethodHandle$Holder.newInvokeSpecial(DirectMethodHandle$Holder)
[13:44:18] [Paper Watchdog Thread/ERROR]: 		java.base@21.0.3/java.lang.invoke.Invokers$Holder.linkToTargetMethod(Invokers$Holder)
[13:44:18] [Paper Watchdog Thread/ERROR]: 		com.mojang.serialization.codecs.RecordCodecBuilder$Instance$4.encode(RecordCodecBuilder.java:224)
[13:44:18] [Paper Watchdog Thread/ERROR]: 		com.mojang.serialization.codecs.RecordCodecBuilder$2.encode(RecordCodecBuilder.java:112)
[13:44:18] [Paper Watchdog Thread/ERROR]: 		com.mojang.serialization.MapCodec$MapCodecCodec.encode(MapCodec.java:163)
[13:44:18] [Paper Watchdog Thread/ERROR]: 		com.mojang.serialization.Encoder$1.encode(Encoder.java:25)
[13:44:18] [Paper Watchdog Thread/ERROR]: 		com.mojang.serialization.Codec$2.encode(Codec.java:80)
[13:44:18] [Paper Watchdog Thread/ERROR]: 		com.mojang.serialization.Encoder.encodeStart(Encoder.java:14)
[13:44:18] [Paper Watchdog Thread/ERROR]: 		net.minecraft.world.level.chunk.storage.ChunkSerializer.saveChunk(ChunkSerializer.java:440)
[13:44:18] [Paper Watchdog Thread/ERROR]: 		net.minecraft.world.level.chunk.storage.ChunkSerializer.write(ChunkSerializer.java:377)
[13:44:18] [Paper Watchdog Thread/ERROR]: 		ca.spottedleaf.moonrise.patches.chunk_system.scheduling.NewChunkHolder.saveChunk(NewChunkHolder.java:1817)
[13:44:18] [Paper Watchdog Thread/ERROR]: 		ca.spottedleaf.moonrise.patches.chunk_system.scheduling.NewChunkHolder.save(NewChunkHolder.java:1721)
[13:44:18] [Paper Watchdog Thread/ERROR]: 		ca.spottedleaf.moonrise.patches.chunk_system.scheduling.ChunkHolderManager.saveAllChunks(ChunkHolderManager.java:283)
[13:44:18] [Paper Watchdog Thread/ERROR]: 		net.minecraft.server.level.ChunkMap.saveAllChunks(ChunkMap.java:422)
[13:44:18] [Paper Watchdog Thread/ERROR]: 		net.minecraft.server.level.ServerChunkCache.save(ServerChunkCache.java:361)
[13:44:18] [Paper Watchdog Thread/ERROR]: 		net.minecraft.server.level.ServerLevel.save(ServerLevel.java:1343)
[13:44:18] [Paper Watchdog Thread/ERROR]: 		net.minecraft.server.MinecraftServer.saveAllChunks(MinecraftServer.java:962)
[13:44:18] [Paper Watchdog Thread/ERROR]: 		net.minecraft.server.MinecraftServer.saveAllChunks(MinecraftServer.java:949)
[13:44:18] [Paper Watchdog Thread/ERROR]: 		net.minecraft.server.MinecraftServer.saveEverything(MinecraftServer.java:996)
[13:44:18] [Paper Watchdog Thread/ERROR]: 		net.minecraft.server.MinecraftServer.tickServer(MinecraftServer.java:1615)
[13:44:18] [Paper Watchdog Thread/ERROR]: 		net.minecraft.server.MinecraftServer.runServer(MinecraftServer.java:1309)
[13:44:18] [Paper Watchdog Thread/ERROR]: 		net.minecraft.server.MinecraftServer.lambda$spin$0(MinecraftServer.java:330)
[13:44:18] [Paper Watchdog Thread/ERROR]: 		net.minecraft.server.MinecraftServer$$Lambda/0x0000735b88bfe7b0.run(Unknown Source)
[13:44:18] [Paper Watchdog Thread/ERROR]: 		java.base@21.0.3/java.lang.Thread.runWith(Thread.java:1596)
[13:44:18] [Paper Watchdog Thread/ERROR]: 		java.base@21.0.3/java.lang.Thread.run(Thread.java:1583)
[13:44:18] [Paper Watchdog Thread/ERROR]: ------------------------------
[13:44:18] [Paper Watchdog Thread/ERROR]: --- DO NOT REPORT THIS TO PAPER - THIS IS NOT A BUG OR A CRASH ---
[13:44:18] [Paper Watchdog Thread/ERROR]: ------------------------------
[13:44:19] [User Authenticator #2/INFO]: UUID of player canhvjp is 6ce961f5-d685-4d10-a921-2a5d3a163147
[13:44:19] [Server thread/WARN]: Can't keep up! Is the server overloaded? Running 15512ms or 310 ticks behind
[13:44:19] [Server thread/INFO]: canhvjp lost connection: Disconnected
[13:44:19] [Server thread/INFO]: canhvjp left the game
[13:44:22] [Server thread/INFO]: PH1008 joined the game
[13:44:22] [Server thread/INFO]: PH1008[/[0:0:0:0:0:0:0:1%0]:59906] logged in with entity id 1570 at ([world]-5199.300000011921, -44.0, -9925.300000011921)
[13:44:28] [Async Chat Thread - #3/INFO]: <EvoKoifis> laggg
[13:44:30] [Async Chat Thread - #3/INFO]: <EvoKoifis> oat
[13:44:32] [Paper Watchdog Thread/ERROR]: --- DO NOT REPORT THIS TO PAPER - THIS IS NOT A BUG OR A CRASH  - 1.21-57-0e02aa5 (MC: 1.21) ---
[13:44:32] [Paper Watchdog Thread/ERROR]: The server has not responded for 10 seconds! Creating thread dump
[13:44:32] [Paper Watchdog Thread/ERROR]: ------------------------------
[13:44:32] [Paper Watchdog Thread/ERROR]: Server thread dump (Look for plugins here before reporting to Paper!):
[13:44:32] [Paper Watchdog Thread/ERROR]: [ChunkTaskScheduler] Chunk wait task info below: 
[13:44:32] [Paper Watchdog Thread/ERROR]: [ChunkTaskScheduler] Chunk wait: [( -325,-621) in 'world']
[13:44:32] [Paper Watchdog Thread/ERROR]: [ChunkTaskScheduler] Chunk holder: NewChunkHolder{world=world, chunkX=-325, chunkZ=-621, entityChunkFromDisk=false, lastChunkCompletion={chunk_class=null,status=null}, currentGenStatus=null, requestedGenStatus=minecraft:full, generationTask=ChunkProgressionTask{class: ca.spottedleaf.moonrise.patches.chunk_system.scheduling.task.ChunkLoadTask, for world: world, chunk: (-325,-621), hashcode: 151801619, priority: NORMAL, status: minecraft:empty, scheduled: true}, generationTaskStatus=minecraft:empty, priority=null, priorityLocked=false, neighbourRequestedPriority=null, effective_priority=null, oldTicketLevel=33, currentTicketLevel=33, totalNeighboursUsingThisChunk=1, fullNeighbourChunksLoadedBitset=0, currentChunkStatus=INACCESSIBLE, pendingChunkStatus=INACCESSIBLE, is_unload_safe=ticket_level, killed=false}
[13:44:32] [Paper Watchdog Thread/ERROR]: Ticking entity: minecraft:player, entity class: net.minecraft.server.level.ServerPlayer
[13:44:32] [Paper Watchdog Thread/ERROR]: Entity status: removed: false, valid: true, alive: true, is passenger: false
[13:44:32] [Paper Watchdog Thread/ERROR]: Entity UUID: 5c616ce3-47da-4542-92bf-6015a6c3c9d9
[13:44:32] [Paper Watchdog Thread/ERROR]: Position: world: 'world' at location (-5199.300000011921, -44.0, -9925.300000011921)
[13:44:32] [Paper Watchdog Thread/ERROR]: Velocity: (0.0, 0.0, 0.0) (in blocks per tick)
[13:44:32] [Paper Watchdog Thread/ERROR]: Entity AABB: AABB[-5199.600000023842, -44.0, -9925.600000023842] -> [-5199.0, -42.200000047683716, -9925.0]
[13:44:32] [Paper Watchdog Thread/ERROR]: Total packets processed on the main thread for all players: 5258
[13:44:32] [Paper Watchdog Thread/ERROR]: ------------------------------
[13:44:32] [Paper Watchdog Thread/ERROR]: Current Thread: Server thread
[13:44:32] [Paper Watchdog Thread/ERROR]: 	PID: 35 | Suspended: false | Native: false | State: TIMED_WAITING
[13:44:32] [Paper Watchdog Thread/ERROR]: 	Stack:
[13:44:32] [Paper Watchdog Thread/ERROR]: 		java.base@21.0.3/jdk.internal.misc.Unsafe.park(Native Method)
[13:44:32] [Paper Watchdog Thread/ERROR]: 		java.base@21.0.3/java.util.concurrent.locks.LockSupport.parkNanos(LockSupport.java:269)
[13:44:32] [Paper Watchdog Thread/ERROR]: 		net.minecraft.util.thread.BlockableEventLoop.waitForTasks(BlockableEventLoop.java:146)
[13:44:32] [Paper Watchdog Thread/ERROR]: 		net.minecraft.util.thread.BlockableEventLoop.managedBlock(BlockableEventLoop.java:136)
[13:44:32] [Paper Watchdog Thread/ERROR]: 		net.minecraft.server.level.ServerChunkCache$MainThreadExecutor.managedBlock(ServerChunkCache.java:677)
[13:44:32] [Paper Watchdog Thread/ERROR]: 		net.minecraft.server.level.ServerChunkCache.syncLoad(ServerChunkCache.java:103)
[13:44:32] [Paper Watchdog Thread/ERROR]: 		net.minecraft.server.level.ServerChunkCache.getChunkFallback(ServerChunkCache.java:128)
[13:44:32] [Paper Watchdog Thread/ERROR]: 		net.minecraft.server.level.ServerChunkCache.getChunk(ServerChunkCache.java:236)
[13:44:32] [Paper Watchdog Thread/ERROR]: 		net.minecraft.world.level.Level.getChunk(Level.java:895)
[13:44:32] [Paper Watchdog Thread/ERROR]: 		net.minecraft.world.level.Level.getChunkAt(Level.java:884)
[13:44:32] [Paper Watchdog Thread/ERROR]: 		net.minecraft.world.level.Level.getFluidState(Level.java:1242)
[13:44:32] [Paper Watchdog Thread/ERROR]: 		net.minecraft.world.entity.Entity.updateFluidOnEyes(Entity.java:1960)
[13:44:32] [Paper Watchdog Thread/ERROR]: 		net.minecraft.world.entity.Entity.baseTick(Entity.java:883)
[13:44:32] [Paper Watchdog Thread/ERROR]: 		net.minecraft.world.entity.LivingEntity.baseTick(LivingEntity.java:442)
[13:44:32] [Paper Watchdog Thread/ERROR]: 		net.minecraft.world.entity.Entity.tick(Entity.java:848)
[13:44:32] [Paper Watchdog Thread/ERROR]: 		net.minecraft.world.entity.LivingEntity.tick(LivingEntity.java:3132)
[13:44:32] [Paper Watchdog Thread/ERROR]: 		net.minecraft.world.entity.player.Player.tick(Player.java:288)
[13:44:32] [Paper Watchdog Thread/ERROR]: 		net.minecraft.server.level.ServerPlayer.doTick(ServerPlayer.java:836)
[13:44:32] [Paper Watchdog Thread/ERROR]: 		net.minecraft.server.network.ServerGamePacketListenerImpl.tick(ServerGamePacketListenerImpl.java:346)
[13:44:32] [Paper Watchdog Thread/ERROR]: 		net.minecraft.network.Connection.tick(Connection.java:638)
[13:44:32] [Paper Watchdog Thread/ERROR]: 		net.minecraft.server.network.ServerConnectionListener.tick(ServerConnectionListener.java:242)
[13:44:32] [Paper Watchdog Thread/ERROR]: 		net.minecraft.server.MinecraftServer.tickChildren(MinecraftServer.java:1815)
[13:44:32] [Paper Watchdog Thread/ERROR]: 		net.minecraft.server.dedicated.DedicatedServer.tickChildren(DedicatedServer.java:471)
[13:44:32] [Paper Watchdog Thread/ERROR]: 		net.minecraft.server.MinecraftServer.tickServer(MinecraftServer.java:1602)
[13:44:32] [Paper Watchdog Thread/ERROR]: 		net.minecraft.server.MinecraftServer.runServer(MinecraftServer.java:1309)
[13:44:32] [Paper Watchdog Thread/ERROR]: 		net.minecraft.server.MinecraftServer.lambda$spin$0(MinecraftServer.java:330)
[13:44:32] [Paper Watchdog Thread/ERROR]: 		net.minecraft.server.MinecraftServer$$Lambda/0x0000735b88bfe7b0.run(Unknown Source)
[13:44:32] [Paper Watchdog Thread/ERROR]: 		java.base@21.0.3/java.lang.Thread.runWith(Thread.java:1596)
[13:44:32] [Paper Watchdog Thread/ERROR]: 		java.base@21.0.3/java.lang.Thread.run(Thread.java:1583)
[13:44:32] [Paper Watchdog Thread/ERROR]: ------------------------------
[13:44:32] [Paper Watchdog Thread/ERROR]: --- DO NOT REPORT THIS TO PAPER - THIS IS NOT A BUG OR A CRASH ---
[13:44:32] [Paper Watchdog Thread/ERROR]: ------------------------------
[13:44:34] [Server thread/INFO]: com.mojang.authlib.GameProfile@56cb774b[id=6ce961f5-d685-4d10-a921-2a5d3a163147,name=canhvjp,properties={textures=[Property[name=textures, value=ewogICJ0aW1lc3RhbXAiIDogMTcyMDk2NDY1ODQ3NiwKICAicHJvZmlsZUlkIiA6ICI2Y2U5NjFmNWQ2ODU0ZDEwYTkyMTJhNWQzYTE2MzE0NyIsCiAgInByb2ZpbGVOYW1lIiA6ICJjYW5odmpwIiwKICAic2lnbmF0dXJlUmVxdWlyZWQiIDogdHJ1ZSwKICAidGV4dHVyZXMiIDogewogICAgIlNLSU4iIDogewogICAgICAidXJsIiA6ICJodHRwOi8vdGV4dHVyZXMubWluZWNyYWZ0Lm5ldC90ZXh0dXJlL2U4OWRlMmQ3NDVjNWIzYmFhZGE0MTYyZjEwNTA3ZmIyOWRlNzdhM2VhMDcwYThjODFjZTcyZWFkYTE1YTE1MjAiCiAgICB9LAogICAgIkNBUEUiIDogewogICAgICAidXJsIiA6ICJodHRwOi8vdGV4dHVyZXMubWluZWNyYWZ0Lm5ldC90ZXh0dXJlL2NkOWQ4MmFiMTdmZDkyMDIyZGJkNGE4NmNkZTRjMzgyYTc1NDBlMTE3ZmFlN2I5YTI4NTM2NTg1MDVhODA2MjUiCiAgICB9CiAgfQp9, signature=eRBd8IbmMzKgmtkYFi3mLFb/SXx1Xcq4RDgXw0qUg/QQ4alFZb48nPmG+rYW8/7bpAXoq2Gx3jdzKUd1Ky/1GCI30XCGpKGfe2N+N6lsVXkWx8j7tNRvfZGllI+nrlLwiuK3ZYSmOzNNByPnHa3P5t3+78fD61FtQzkA0UDOi5/codbGcIUlmJqwWiGgiyxOOrDNL4d74UTVtdymOwE9HGf3Rq4LE6jBtZOdKjWGCx9lKSltuITzxm2x6+aWQ4lIq/mKs6CDxVh0Lr1BY9n99AyGx9KHX/HbIw4q6selofLfOWdtAEzkrZI53gT5ME+09DuXXOD4opchwrnOjQOgpwjq76DLRAlXkS7rdCxCM5oZhczE0A9h1c1eIVq/z2yfS81EN1Dkv5zZUOgeti2MHfaXmR/280i9H1HGEQTw/WfUoX4jR8ncPv0cYQx9hQ0UJmg98cIOJLVIOcl4lKKgPZERlWUd4+HyYetTqDumR8PR950bCrICHtMTiOVpf1ZxjLY3YzOlhZf48avQcNnvJIWrcNbYmy382QiGbTPea6Za0MyVM2d26Xw6ZkCSJwc9ntlntbCQMSzVWn3zBRM7Qb83UUCUwiy6kwOl2XGdso0CDKfxd6O5o0dhwKmGjoFrO7JiMbv+sIPvYd0LHw+wYoUdn7xPNQ41JuvjIFR4E4c=]]}] lost connection: Disconnected
[13:44:34] [Server thread/INFO]: TaFiz008 joined the game
[13:44:34] [Server thread/INFO]: TaFiz008[/[0:0:0:0:0:0:0:1%0]:52504] logged in with entity id 1569 at ([world]-103390.88333115286, 77.0, 104579.79528424593)
[13:44:37] [Server thread/INFO]: TaFiz008 lost connection: Disconnected
[13:44:37] [Server thread/INFO]: TaFiz008 left the game
[13:44:39] [User Authenticator #2/INFO]: UUID of player canhvjp is 6ce961f5-d685-4d10-a921-2a5d3a163147
[13:44:41] [Server thread/INFO]: canhvjp joined the game
[13:44:41] [Server thread/INFO]: canhvjp[/[0:0:0:0:0:0:0:1%0]:57664] logged in with entity id 1802 at ([world]-34047.447073163974, 66.1737430135552, 19939.89734185493)
[13:44:45] [Server thread/INFO]: EvoKoifis lost connection: Disconnected
[13:44:46] [Server thread/INFO]: EvoKoifis left the game
[13:44:48] [User Authenticator #2/INFO]: UUID of player TaFiz008 is d39c4299-2602-442c-bcbe-5f4ead016690
[13:44:51] [Async Chat Thread - #5/INFO]: <PH1008> kha la ia dun r nha
[13:44:53] [Server thread/INFO]: TaFiz008 joined the game
[13:44:53] [Server thread/INFO]: TaFiz008[/[0:0:0:0:0:0:0:1%0]:38938] logged in with entity id 2024 at ([world]-103390.88333115286, 77.0, 104579.79528424593)
[13:44:59] [User Authenticator #2/INFO]: UUID of player EvoKoifis is 230bd0f2-c1cb-4be8-81b5-59d271f2351d
[13:45:01] [Server thread/INFO]: EvoKoifis joined the game
[13:45:01] [Server thread/INFO]: EvoKoifis[/[0:0:0:0:0:0:0:1%0]:49832] logged in with entity id 2347 at ([world]-3140.699999988079, 98.54160003304482, -6371.252548243629)
[13:45:21] [Server thread/WARN]: Can't keep up! Is the server overloaded? Running 47416ms or 948 ticks behind
[13:45:30] [Server thread/INFO]: TaFiz008 lost connection: Disconnected
[13:45:30] [Server thread/INFO]: TaFiz008 left the game
[13:45:33] [Async Chat Thread - #4/INFO]: <PH1008> lag ia dun
[13:45:46] [Async Chat Thread - #5/INFO]: <canhvjp> lag a
[13:45:47] [Async Chat Thread - #5/INFO]: <canhvjp> doi t
[13:45:49] [Async Chat Thread - #5/INFO]: <EvoKoifis> dam ba lag
[13:45:52] [Server thread/INFO]: Stopping the server
[13:45:52] [Server thread/INFO]: Stopping server
[13:45:52] [Server thread/INFO]: Saving players
[13:45:53] [Server thread/INFO]: PH1008 lost connection: Server closed
[13:45:53] [Server thread/INFO]: PH1008 left the game
[13:45:53] [Server thread/INFO]: canhvjp lost connection: Server closed
[13:45:53] [Server thread/INFO]: canhvjp left the game
[13:45:53] [Server thread/INFO]: EvoKoifis lost connection: Server closed
[13:45:53] [Server thread/INFO]: EvoKoifis left the game
[13:45:53] [Server thread/INFO]: Saving worlds
[13:45:53] [Server thread/INFO]: Saving chunks for level 'ServerLevel[world]'/minecraft:overworld
[13:45:53] [Server thread/INFO]: [ChunkHolderManager] Waiting 60s for chunk system to halt for world 'world'
[13:45:53] [Server thread/INFO]: [ChunkHolderManager] Halted chunk system for world 'world'
[13:45:53] [Server thread/INFO]: [ChunkHolderManager] Saving all chunkholders for world 'world'
[13:45:56] [Server console handler/ERROR]: Caught previously unhandled exception :
java.io.IOError: java.io.IOException: Input/output error
	at org.jline.keymap.BindingReader.readCharacter(BindingReader.java:170) ~[jline-reader-3.20.0.jar:?]
	at org.jline.keymap.BindingReader.readBinding(BindingReader.java:110) ~[jline-reader-3.20.0.jar:?]
	at org.jline.keymap.BindingReader.readBinding(BindingReader.java:61) ~[jline-reader-3.20.0.jar:?]
	at org.jline.reader.impl.LineReaderImpl.doReadBinding(LineReaderImpl.java:923) ~[jline-reader-3.20.0.jar:?]
	at org.jline.reader.impl.LineReaderImpl.readBinding(LineReaderImpl.java:956) ~[jline-reader-3.20.0.jar:?]
	at org.jline.reader.impl.LineReaderImpl.readLine(LineReaderImpl.java:651) ~[jline-reader-3.20.0.jar:?]
	at org.jline.reader.impl.LineReaderImpl.readLine(LineReaderImpl.java:468) ~[jline-reader-3.20.0.jar:?]
	at net.minecrell.terminalconsole.SimpleTerminalConsole.readCommands(SimpleTerminalConsole.java:158) ~[terminalconsoleappender-1.3.0.jar:?]
	at net.minecrell.terminalconsole.SimpleTerminalConsole.start(SimpleTerminalConsole.java:141) ~[terminalconsoleappender-1.3.0.jar:?]
	at net.minecraft.server.dedicated.DedicatedServer$1.run(DedicatedServer.java:117) ~[paper-1.21.jar:1.21-57-0e02aa5]
Caused by: java.io.IOException: Input/output error
	at java.base/java.io.FileInputStream.read0(Native Method) ~[?:?]
	at java.base/java.io.FileInputStream.read(FileInputStream.java:231) ~[?:?]
	at org.jline.terminal.impl.AbstractPty$PtyInputStream.read(AbstractPty.java:73) ~[jline-terminal-3.21.0.jar:?]
	at org.jline.utils.NonBlockingInputStream.read(NonBlockingInputStream.java:62) ~[jline-terminal-3.21.0.jar:?]
	at org.jline.utils.NonBlocking$NonBlockingInputStreamReader.read(NonBlocking.java:168) ~[jline-terminal-3.21.0.jar:?]
	at org.jline.utils.NonBlockingReader.read(NonBlockingReader.java:57) ~[jline-terminal-3.21.0.jar:?]
	at org.jline.keymap.BindingReader.readCharacter(BindingReader.java:160) ~[jline-reader-3.20.0.jar:?]
	... 9 more
[13:46:04] [Server thread/INFO]: [ChunkHolderManager] Saved 750 chunks (35.62%) in world 'world'
[13:46:11] [Server thread/INFO]: [ChunkHolderManager] Saved 1612 block chunks, 2078 entity chunks, 1 poi chunks in world 'world' in 17.50s
[13:46:12] [Server thread/INFO]: Saving chunks for level 'ServerLevel[world_nether]'/minecraft:the_nether
[13:46:12] [Server thread/INFO]: [ChunkHolderManager] Waiting 60s for chunk system to halt for world 'world_nether'
[13:46:12] [Server thread/INFO]: [ChunkHolderManager] Halted chunk system for world 'world_nether'
[13:46:12] [Server thread/INFO]: [ChunkHolderManager] Saving all chunkholders for world 'world_nether'
[13:46:12] [Server thread/INFO]: [ChunkHolderManager] Saved 0 block chunks, 1 entity chunks, 0 poi chunks in world 'world_nether' in 0.09s
[13:46:12] [Server thread/INFO]: ThreadedAnvilChunkStorage (world): All chunks are saved
[13:46:12] [Server thread/INFO]: ThreadedAnvilChunkStorage (DIM-1): All chunks are saved
[13:46:12] [Server thread/INFO]: ThreadedAnvilChunkStorage: All dimensions are saved
