[04:19:24] [ServerMain/INFO]: Environment: Environment[sessionHost=https://sessionserver.mojang.com, servicesHost=https://api.minecraftservices.com, name=PROD]
[04:19:26] [ServerMain/INFO]: Loaded 1290 recipes
[04:19:26] [ServerMain/INFO]: Loaded 1399 advancements
[04:19:27] [Server thread/INFO]: Starting minecraft server version 1.21
[04:19:27] [Server thread/INFO]: Loading properties
[04:19:27] [Server thread/INFO]: This server is running Paper version 1.21-57-master@0e02aa5 (2024-07-11T19:34:02Z) (Implementing API version 1.21-R0.1-SNAPSHOT)
[04:19:28] [Server thread/INFO]: Server Ping Player Sample Count: 12
[04:19:28] [Server thread/INFO]: Using 4 threads for Netty based IO
[04:19:29] [Server thread/WARN]: [!] The timings profiler has been enabled but has been scheduled for removal from Paper in the future.
    We recommend installing the spark profiler as a replacement: https://spark.lucko.me/
    For more information please visit: https://github.com/PaperMC/Paper/issues/8948
[04:19:29] [Server thread/INFO]: [ChunkTaskScheduler] Chunk system is using 1 I/O threads, 1 worker threads, and population gen parallelism of 1 threads
[04:19:29] [Server thread/INFO]: Default game type: SURVIVAL
[04:19:29] [Server thread/INFO]: Generating keypair
[04:19:29] [Server thread/INFO]: Starting Minecraft server on *:25565
[04:19:29] [Server thread/INFO]: Using epoll channel type
[04:19:29] [Server thread/INFO]: Paper: Using libdeflate (Linux x86_64) compression from Velocity.
[04:19:29] [Server thread/INFO]: Paper: Using OpenSSL 1.1.x (Linux x86_64) cipher from Velocity.
[04:19:30] [Server thread/INFO]: [NoteBlockAPI] Loading server plugin NoteBlockAPI v1.6.2
[04:19:30] [Server thread/INFO]: [ImageFrame] Loading server plugin ImageFrame v1.7.9.0
[04:19:30] [Server thread/INFO]: [MusicBox] Loading server plugin MusicBox v2.1.2
[04:19:30] [Server thread/INFO]: Server permissions file permissions.yml is empty, ignoring it
[04:19:30] [Server thread/INFO]: Preparing level "world"
[04:19:31] [Server thread/INFO]: Preparing start region for dimension minecraft:overworld
[04:19:32] [Server thread/INFO]: Time elapsed: 1855 ms
[04:19:32] [Server thread/INFO]: Preparing start region for dimension minecraft:the_nether
[04:19:33] [Server thread/INFO]: Time elapsed: 251 ms
[04:19:33] [Server thread/INFO]: [NoteBlockAPI] Enabling NoteBlockAPI v1.6.2
[04:19:33] [Server thread/INFO]: [ImageFrame] Enabling ImageFrame v1.7.9.0
[04:19:35] [Server thread/INFO]: [ImageFrame] ImageFrame has been Enabled!
[04:19:35] [Server thread/INFO]: [MusicBox] Enabling MusicBox v2.1.2
[04:19:35] [Server thread/INFO]: Running delayed init tasks
[04:19:35] [Server thread/INFO]: Done (8.201s)! For help, type "help"
[04:19:35] [Server thread/INFO]: Timings Reset
[04:19:37] [Craft Scheduler Thread - 0 - ImageFrame/INFO]: [ImageFrame] Data loading completed! Loaded 1 ImageMaps!
[04:21:58] [User Authenticator #0/INFO]: UUID of player EvoKoifis is 230bd0f2-c1cb-4be8-81b5-59d271f2351d
[04:21:59] [Server thread/INFO]: EvoKoifis joined the game
[04:21:59] [Server thread/INFO]: EvoKoifis[/[0:0:0:0:0:0:0:1%0]:45020] logged in with entity id 24 at ([world]-3182.007268708945, -43.62620002405644, -6246.567764311552)
[04:22:00] [Server thread/WARN]: [ca.spottedleaf.moonrise.patches.chunk_system.level.entity.EntityLookup] Entity uuid already exists: 4ff540eb-8596-4abd-9c3c-86730d0540f4, mapped to Cow['Cow'/88, uuid='4ff540eb-8596-4abd-9c3c-86730d0540f4', l='ServerLevel[world]', x=-3137.08, y=63.00, z=-6287.95, cpos=[-197, -393], tl=485843, v=true], can't add Cow['Cow'/144, uuid='4ff540eb-8596-4abd-9c3c-86730d0540f4', l='ServerLevel[world]', x=-3137.19, y=63.00, z=-6288.01, cpos=[-197, -394], tl=485861, v=false]
[04:22:03] [User Authenticator #0/INFO]: UUID of player minhhhhhhhh is a9832b36-3a9f-4126-9624-5a52fa94738b
[04:22:03] [Server thread/INFO]: minhhhhhhhh joined the game
[04:22:03] [Server thread/INFO]: minhhhhhhhh[/[0:0:0:0:0:0:0:1%0]:45032] logged in with entity id 308 at ([world]-5201.699999988079, -44.0, -9925.300000011921)
[04:22:06] [Async Chat Thread - #0/INFO]: <EvoKoifis> mat ca dong kim cuong roi
[04:22:08] [Async Chat Thread - #0/INFO]: <EvoKoifis> cay qua
[04:22:08] [Server thread/WARN]: Can't keep up! Is the server overloaded? Running 2526ms or 50 ticks behind
[04:22:10] [User Authenticator #0/INFO]: UUID of player PH1008 is 5c616ce3-47da-4542-92bf-6015a6c3c9d9
[04:22:11] [Server thread/INFO]: PH1008 joined the game
[04:22:12] [Server thread/INFO]: PH1008[/[0:0:0:0:0:0:0:1%0]:38852] logged in with entity id 708 at ([world_nether]-755.0318323892409, 80.0, -598.63183490806)
[04:22:16] [User Authenticator #0/INFO]: UUID of player gato_the_gay is 45c7a210-8e9a-47b1-a1ed-94b423e1cdd2
[04:22:17] [Server thread/INFO]: gato_the_gay joined the game
[04:22:17] [Server thread/INFO]: gato_the_gay[/[0:0:0:0:0:0:0:1%0]:38870] logged in with entity id 1068 at ([world]3917.7530384805887, 80.0, -3772.233028894717)
[04:22:26] [Server thread/WARN]: Can't keep up! Is the server overloaded? Running 3160ms or 63 ticks behind
[04:24:26] [Async Chat Thread - #1/INFO]: <EvoKoifis> argen dat to que ta
[04:24:46] [Server thread/WARN]: Can't keep up! Is the server overloaded? Running 5403ms or 108 ticks behind
[04:24:46] [Server thread/WARN]: gato_the_gay moved too quickly! -0.5578876477798076,4.0,9.938450429324348
[04:26:27] [Server thread/INFO]: PH1008 has made the advancement [Oh Shiny]
[04:26:53] [Server thread/INFO]: minhhhhhhhh has made the advancement [Sneak 100]
[04:28:12] [Async Chat Thread - #3/INFO]: <EvoKoifis> nay di dao duoc 61 kc
[04:28:27] [Async Chat Thread - #3/INFO]: <EvoKoifis> lai sam set
[04:28:28] [Async Chat Thread - #3/INFO]: <EvoKoifis> wth
[04:33:29] [Server thread/INFO]: EvoKoifis has made the advancement [Those Were the Days]
[04:33:32] [Server thread/INFO]: EvoKoifis has made the advancement [War Pigs]
[04:35:59] [User Authenticator #1/INFO]: UUID of player HmzyyX is d0135778-6e50-40e9-93a9-328349820168
[04:36:01] [Server thread/INFO]: HmzyyX joined the game
[04:36:01] [Server thread/INFO]: HmzyyX[/[0:0:0:0:0:0:0:1%0]:48712] logged in with entity id 9165 at ([world]-874.7249426700427, 72.0, 1594.5512664190858)
[04:37:00] [Server thread/INFO]: EvoKoifis has made the advancement [Who is Cutting Onions?]
[04:38:17] [Server thread/INFO]: gato_the_gay lost connection: Disconnected
[04:38:17] [Server thread/INFO]: gato_the_gay left the game
[04:40:28] [User Authenticator #2/INFO]: UUID of player gato_the_gay is 45c7a210-8e9a-47b1-a1ed-94b423e1cdd2
[04:40:29] [Server thread/INFO]: gato_the_gay joined the game
[04:40:29] [Server thread/INFO]: gato_the_gay[/[0:0:0:0:0:0:0:1%0]:40242] logged in with entity id 12260 at ([world]3916.1600027200598, 81.0, -3782.699999988079)
[04:41:23] [Server thread/INFO]: HmzyyX lost connection: Disconnected
[04:41:23] [Server thread/INFO]: HmzyyX left the game
[04:41:33] [User Authenticator #3/INFO]: UUID of player HmzyyX is d0135778-6e50-40e9-93a9-328349820168
[04:41:34] [Server thread/INFO]: HmzyyX joined the game
[04:41:34] [Server thread/INFO]: HmzyyX[/[0:0:0:0:0:0:0:1%0]:37786] logged in with entity id 13428 at ([world]-904.3000000119209, 6.0, 1552.699999988079)
[04:42:00] [Server thread/INFO]: gato_the_gay lost connection: Disconnected
[04:42:00] [Server thread/INFO]: gato_the_gay left the game
[04:42:01] [Server thread/INFO]: HmzyyX has made the advancement [Diamonds!]
[04:42:12] [Async Chat Thread - #6/INFO]: <EvoKoifis> haiminh chicken
[04:42:30] [Async Chat Thread - #7/INFO]: <EvoKoifis> ok toi tre con thi sao dau
[04:42:51] [Async Chat Thread - #7/INFO]: <EvoKoifis> em xin loi anh du mick
[04:43:11] [Server thread/INFO]: PH1008 has completed the challenge [Return to Sender]
[04:44:43] [Server thread/INFO]: PH1008 has made the advancement [A Terrible Fortress]
[04:44:56] [User Authenticator #4/INFO]: UUID of player gato_the_gay is 45c7a210-8e9a-47b1-a1ed-94b423e1cdd2
[04:44:56] [Server thread/INFO]: gato_the_gay joined the game
[04:44:56] [Server thread/INFO]: gato_the_gay[/[0:0:0:0:0:0:0:1%0]:53046] logged in with entity id 16293 at ([world]3920.5171811640744, 80.0, -3789.046366297877)
[04:44:59] [Async Chat Thread - #8/INFO]: <HmzyyX> sv sao ko lm dc hopper
[04:45:36] [Server thread/INFO]: PH1008 has made the advancement [Into Fire]
[04:45:39] [Server thread/INFO]: gato_the_gay lost connection: Disconnected
[04:45:39] [Server thread/INFO]: gato_the_gay left the game
[04:49:26] [User Authenticator #5/INFO]: UUID of player gato_the_gay is 45c7a210-8e9a-47b1-a1ed-94b423e1cdd2
[04:49:27] [Server thread/INFO]: gato_the_gay joined the game
[04:49:27] [Server thread/INFO]: gato_the_gay[/[0:0:0:0:0:0:0:1%0]:41182] logged in with entity id 19970 at ([world]3901.6410252045093, 80.0, -3794.4457309801924)
[04:49:48] [Server thread/WARN]: HmzyyX moved too quickly! -8.583254560921546,0.757002463247801,-5.484425738439768
[04:50:08] [Server thread/INFO]: gato_the_gay was slain by Zombie
[04:50:09] [User Authenticator #5/INFO]: UUID of player gato_the_gay is 45c7a210-8e9a-47b1-a1ed-94b423e1cdd2
[04:50:09] [Server thread/INFO]: gato_the_gay lost connection: You logged in from another location
[04:50:09] [Server thread/INFO]: gato_the_gay left the game
[04:50:10] [Server thread/INFO]: gato_the_gay joined the game
[04:50:10] [Server thread/INFO]: gato_the_gay[/[0:0:0:0:0:0:0:1%0]:41040] logged in with entity id 21245 at ([world]3855.0534602710673, 83.0, -3807.5518399305847)
[04:50:45] [Server thread/INFO]: PH1008 lost connection: Disconnected
[04:50:45] [Server thread/INFO]: PH1008 left the game
[04:50:58] [Server thread/INFO]: HmzyyX lost connection: Disconnected
[04:50:58] [Server thread/INFO]: HmzyyX left the game
[04:51:16] [User Authenticator #6/INFO]: UUID of player HmzyyX is d0135778-6e50-40e9-93a9-328349820168
[04:51:17] [Server thread/INFO]: HmzyyX joined the game
[04:51:17] [Server thread/INFO]: HmzyyX[/[0:0:0:0:0:0:0:1%0]:42350] logged in with entity id 22026 at ([world]-1168.3750041251883, 60.33271987229238, 1583.4586442849163)
[04:52:41] [Server thread/INFO]: HmzyyX burned to death
[04:52:58] [Server thread/WARN]: [ca.spottedleaf.moonrise.patches.chunk_system.level.entity.EntityLookup] Entity uuid already exists: d100fd7b-7648-4286-9198-1b8dde5f9d81, mapped to Armadillo['Armadillo'/23830, uuid='d100fd7b-7648-4286-9198-1b8dde5f9d81', l='ServerLevel[world]', x=-562.90, y=152.00, z=1729.00, cpos=[-36, 108], tl=7865, v=true], can't add Armadillo['Armadillo'/23837, uuid='d100fd7b-7648-4286-9198-1b8dde5f9d81', l='ServerLevel[world]', x=-557.90, y=152.00, z=1728.52, cpos=[-35, 108], tl=8111, v=false]
[04:53:07] [Async Chat Thread - #11/INFO]: <HmzyyX> -838 1603
[04:53:10] [Server thread/INFO]: gato_the_gay lost connection: Disconnected
[04:53:10] [Server thread/INFO]: gato_the_gay left the game
[04:53:34] [User Authenticator #7/INFO]: UUID of player PH1008 is 5c616ce3-47da-4542-92bf-6015a6c3c9d9
[04:53:36] [Server thread/INFO]: PH1008 joined the game
[04:53:36] [Server thread/INFO]: PH1008[/[0:0:0:0:0:0:0:1%0]:36126] logged in with entity id 24123 at ([world_nether]-1349.3204241436858, 61.0, -598.6959181235395)
[04:54:48] [Server thread/WARN]: Can't keep up! Is the server overloaded? Running 2527ms or 50 ticks behind
[04:54:48] [Server thread/WARN]: HmzyyX moved too quickly! -7.293788385676862,-0.6709083839322858,12.702321270112861
