[02:49:21] [ServerMain/INFO]: Environment: Environment[sessionHost=https://sessionserver.mojang.com, servicesHost=https://api.minecraftservices.com, name=PROD]
[02:49:23] [ServerMain/INFO]: Loaded 1290 recipes
[02:49:23] [ServerMain/INFO]: Loaded 1399 advancements
[02:49:23] [Server thread/INFO]: Starting minecraft server version 1.21
[02:49:23] [Server thread/INFO]: Loading properties
[02:49:23] [Server thread/INFO]: This server is running Paper version 1.21-57-master@0e02aa5 (2024-07-11T19:34:02Z) (Implementing API version 1.21-R0.1-SNAPSHOT)
[02:49:24] [Server thread/INFO]: Server Ping Player Sample Count: 12
[02:49:24] [Server thread/INFO]: Using 4 threads for Netty based IO
[02:49:25] [Server thread/WARN]: [!] The timings profiler has been enabled but has been scheduled for removal from Paper in the future.
    We recommend installing the spark profiler as a replacement: https://spark.lucko.me/
    For more information please visit: https://github.com/PaperMC/Paper/issues/8948
[02:49:25] [Server thread/INFO]: [ChunkTaskScheduler] Chunk system is using 1 I/O threads, 1 worker threads, and population gen parallelism of 1 threads
[02:49:25] [Server thread/INFO]: Default game type: SURVIVAL
[02:49:25] [Server thread/INFO]: Generating keypair
[02:49:25] [Server thread/INFO]: Starting Minecraft server on *:25565
[02:49:25] [Server thread/INFO]: Using epoll channel type
[02:49:25] [Server thread/INFO]: Paper: Using libdeflate (Linux x86_64) compression from Velocity.
[02:49:25] [Server thread/INFO]: Paper: Using OpenSSL 1.1.x (Linux x86_64) cipher from Velocity.
[02:49:25] [Server thread/INFO]: Server permissions file permissions.yml is empty, ignoring it
[02:49:25] [Server thread/INFO]: Preparing level "world"
[02:49:26] [Server thread/INFO]: Preparing start region for dimension minecraft:overworld
[02:49:27] [Server thread/INFO]: Time elapsed: 1540 ms
[02:49:27] [Server thread/INFO]: Preparing start region for dimension minecraft:the_nether
[02:49:27] [Server thread/INFO]: Time elapsed: 225 ms
[02:49:28] [Server thread/INFO]: Running delayed init tasks
[02:49:28] [Server thread/INFO]: Done (4.152s)! For help, type "help"
[02:49:28] [Server thread/INFO]: Timings Reset
[03:10:53] [Server thread/INFO]: Stopping server
[03:10:53] [Server thread/INFO]: Saving players
[03:10:53] [Server thread/INFO]: Saving worlds
[03:10:53] [Server thread/INFO]: Saving chunks for level 'ServerLevel[world]'/minecraft:overworld
[03:10:53] [Server thread/INFO]: [ChunkHolderManager] Waiting 60s for chunk system to halt for world 'world'
[03:10:53] [Server thread/INFO]: [ChunkHolderManager] Halted chunk system for world 'world'
[03:10:53] [Server thread/INFO]: [ChunkHolderManager] Saving all chunkholders for world 'world'
[03:10:53] [Server console handler/ERROR]: Caught previously unhandled exception :
java.io.IOError: java.io.IOException: Input/output error
	at org.jline.keymap.BindingReader.readCharacter(BindingReader.java:170) ~[jline-reader-3.20.0.jar:?]
	at org.jline.keymap.BindingReader.readBinding(BindingReader.java:110) ~[jline-reader-3.20.0.jar:?]
	at org.jline.keymap.BindingReader.readBinding(BindingReader.java:61) ~[jline-reader-3.20.0.jar:?]
	at org.jline.reader.impl.LineReaderImpl.doReadBinding(LineReaderImpl.java:923) ~[jline-reader-3.20.0.jar:?]
	at org.jline.reader.impl.LineReaderImpl.readBinding(LineReaderImpl.java:956) ~[jline-reader-3.20.0.jar:?]
	at org.jline.reader.impl.LineReaderImpl.readLine(LineReaderImpl.java:651) ~[jline-reader-3.20.0.jar:?]
	at org.jline.reader.impl.LineReaderImpl.readLine(LineReaderImpl.java:468) ~[jline-reader-3.20.0.jar:?]
	at net.minecrell.terminalconsole.SimpleTerminalConsole.readCommands(SimpleTerminalConsole.java:158) ~[terminalconsoleappender-1.3.0.jar:?]
	at net.minecrell.terminalconsole.SimpleTerminalConsole.start(SimpleTerminalConsole.java:141) ~[terminalconsoleappender-1.3.0.jar:?]
	at net.minecraft.server.dedicated.DedicatedServer$1.run(DedicatedServer.java:117) ~[paper-1.21.jar:1.21-57-0e02aa5]
Caused by: java.io.IOException: Input/output error
	at java.base/java.io.FileInputStream.read0(Native Method) ~[?:?]
	at java.base/java.io.FileInputStream.read(FileInputStream.java:231) ~[?:?]
	at org.jline.terminal.impl.AbstractPty$PtyInputStream.read(AbstractPty.java:73) ~[jline-terminal-3.21.0.jar:?]
	at org.jline.utils.NonBlockingInputStream.read(NonBlockingInputStream.java:62) ~[jline-terminal-3.21.0.jar:?]
	at org.jline.utils.NonBlocking$NonBlockingInputStreamReader.read(NonBlocking.java:168) ~[jline-terminal-3.21.0.jar:?]
	at org.jline.utils.NonBlockingReader.read(NonBlockingReader.java:57) ~[jline-terminal-3.21.0.jar:?]
	at org.jline.keymap.BindingReader.readCharacter(BindingReader.java:160) ~[jline-reader-3.20.0.jar:?]
	... 9 more
[03:10:53] [Server thread/INFO]: [ChunkHolderManager] Saved 0 block chunks, 13 entity chunks, 0 poi chunks in world 'world' in 0.04s
[03:10:53] [Server thread/INFO]: Saving chunks for level 'ServerLevel[world_nether]'/minecraft:the_nether
[03:10:53] [Server thread/INFO]: [ChunkHolderManager] Waiting 60s for chunk system to halt for world 'world_nether'
[03:10:53] [Server thread/INFO]: [ChunkHolderManager] Halted chunk system for world 'world_nether'
[03:10:53] [Server thread/INFO]: [ChunkHolderManager] Saving all chunkholders for world 'world_nether'
[03:10:53] [Server thread/INFO]: [ChunkHolderManager] Saved 0 block chunks, 0 entity chunks, 0 poi chunks in world 'world_nether' in 0.03s
[03:10:53] [Server thread/INFO]: ThreadedAnvilChunkStorage (world): All chunks are saved
[03:10:53] [Server thread/INFO]: ThreadedAnvilChunkStorage (DIM-1): All chunks are saved
[03:10:53] [Server thread/INFO]: ThreadedAnvilChunkStorage: All dimensions are saved
